<?xml version="1.0" encoding="UTF-8"?>
<testsuite name="br.com.codenation.desafioexe.DesafioApplicationSubmitTest" tests="2" skipped="0" failures="0" errors="0" timestamp="2020-04-18T19:11:49" hostname="LAPTOP-7614I53T" time="0.002">
  <properties/>
  <testcase name="fibonacci" classname="br.com.codenation.desafioexe.DesafioApplicationSubmitTest" time="0.002"/>
  <testcase name="isFibonacci" classname="br.com.codenation.desafioexe.DesafioApplicationSubmitTest" time="0.0"/>
  <system-out><![CDATA[]]></system-out>
  <system-err><![CDATA[]]></system-err>
</testsuite>
